

[INFO ] 2019-05-14 18:00:03,769 method:org.springframework.web.context.ContextLoader.initWebApplicationContext(ContextLoader.java:307)
Root WebApplicationContext: initialization started


[INFO ] 2019-05-14 18:00:03,871 method:org.springframework.context.support.AbstractApplicationContext.prepareRefresh(AbstractApplicationContext.java:578)
Refreshing Root WebApplicationContext: startup date [Tue May 14 18:00:03 CST 2019]; root of context hierarchy


[INFO ] 2019-05-14 18:00:03,910 method:org.springframework.beans.factory.xml.XmlBeanDefinitionReader.loadBeanDefinitions(XmlBeanDefinitionReader.java:317)
Loading XML bean definitions from file [F:\code\taotao\taotao-retrieve\taotao-retrieve-web\target\classes\spring\applicationContext-dao.xml]


[INFO ] 2019-05-14 18:00:04,192 method:org.springframework.beans.factory.xml.XmlBeanDefinitionReader.loadBeanDefinitions(XmlBeanDefinitionReader.java:317)
Loading XML bean definitions from file [F:\code\taotao\taotao-retrieve\taotao-retrieve-web\target\classes\spring\applicationContext-service.xml]


[INFO ] 2019-05-14 18:00:04,319 method:org.springframework.beans.factory.xml.XmlBeanDefinitionReader.loadBeanDefinitions(XmlBeanDefinitionReader.java:317)
Loading XML bean definitions from file [F:\code\taotao\taotao-retrieve\taotao-retrieve-web\target\classes\spring\applicationContext-solr.xml]


[INFO ] 2019-05-14 18:00:04,548 method:org.springframework.core.io.support.PropertiesLoaderSupport.loadProperties(PropertiesLoaderSupport.java:172)
Loading properties file from file [F:\code\taotao\taotao-retrieve\taotao-retrieve-web\target\classes\properties\db.properties]


[INFO ] 2019-05-14 18:00:04,555 method:org.springframework.beans.factory.annotation.AutowiredAnnotationBeanPostProcessor.<init>(AutowiredAnnotationBeanPostProcessor.java:153)
JSR-330 'javax.inject.Inject' annotation found and supported for autowiring


[INFO ] 2019-05-14 18:00:06,103 method:org.springframework.web.context.ContextLoader.initWebApplicationContext(ContextLoader.java:347)
Root WebApplicationContext: initialization completed in 2333 ms


[INFO ] 2019-05-14 18:00:06,138 method:org.springframework.web.servlet.FrameworkServlet.initServletBean(FrameworkServlet.java:489)
FrameworkServlet 'taotao-retrieve-web': initialization started


[INFO ] 2019-05-14 18:00:06,142 method:org.springframework.context.support.AbstractApplicationContext.prepareRefresh(AbstractApplicationContext.java:578)
Refreshing WebApplicationContext for namespace 'taotao-retrieve-web-servlet': startup date [Tue May 14 18:00:06 CST 2019]; parent: Root WebApplicationContext


[INFO ] 2019-05-14 18:00:06,146 method:org.springframework.beans.factory.xml.XmlBeanDefinitionReader.loadBeanDefinitions(XmlBeanDefinitionReader.java:317)
Loading XML bean definitions from class path resource [spring/springmvc.xml]


[INFO ] 2019-05-14 18:00:06,318 method:org.springframework.core.io.support.PropertiesLoaderSupport.loadProperties(PropertiesLoaderSupport.java:172)
Loading properties file from class path resource [conf/resources.properties]


[INFO ] 2019-05-14 18:00:06,319 method:org.springframework.beans.factory.annotation.AutowiredAnnotationBeanPostProcessor.<init>(AutowiredAnnotationBeanPostProcessor.java:153)
JSR-330 'javax.inject.Inject' annotation found and supported for autowiring


[INFO ] 2019-05-14 18:00:06,782 method:org.springframework.web.servlet.handler.AbstractHandlerMethodMapping$MappingRegistry.register(AbstractHandlerMethodMapping.java:527)
Mapped "{[/search]}" onto public java.lang.String com.taotao.retrieve.controller.SearchController.searchItemList(java.lang.String,java.lang.Integer,org.springframework.ui.Model) throws java.lang.Exception


[INFO ] 2019-05-14 18:00:07,366 method:org.springframework.web.servlet.mvc.method.annotation.RequestMappingHandlerAdapter.initControllerAdviceCache(RequestMappingHandlerAdapter.java:532)
Looking for @ControllerAdvice: WebApplicationContext for namespace 'taotao-retrieve-web-servlet': startup date [Tue May 14 18:00:06 CST 2019]; parent: Root WebApplicationContext


[INFO ] 2019-05-14 18:00:07,462 method:org.springframework.web.servlet.mvc.method.annotation.RequestMappingHandlerAdapter.initControllerAdviceCache(RequestMappingHandlerAdapter.java:532)
Looking for @ControllerAdvice: WebApplicationContext for namespace 'taotao-retrieve-web-servlet': startup date [Tue May 14 18:00:06 CST 2019]; parent: Root WebApplicationContext


[INFO ] 2019-05-14 18:00:07,640 method:org.springframework.web.servlet.handler.AbstractUrlHandlerMapping.registerHandler(AbstractUrlHandlerMapping.java:341)
Mapped URL path [/css/**] onto handler 'org.springframework.web.servlet.resource.ResourceHttpRequestHandler#0'


[INFO ] 2019-05-14 18:00:07,642 method:org.springframework.web.servlet.handler.AbstractUrlHandlerMapping.registerHandler(AbstractUrlHandlerMapping.java:341)
Mapped URL path [/js/**] onto handler 'org.springframework.web.servlet.resource.ResourceHttpRequestHandler#1'


[INFO ] 2019-05-14 18:00:07,676 method:org.springframework.web.servlet.FrameworkServlet.initServletBean(FrameworkServlet.java:508)
FrameworkServlet 'taotao-retrieve-web': initialization completed in 1538 ms


[INFO ] 2019-05-14 18:00:29,934 method:com.taotao.retrieve.exception.GlobalExceptionResolver.resolveException(GlobalExceptionResolver.java:19)
系统发生异常了..........


[ERROR] 2019-05-14 18:00:29,937 method:com.taotao.retrieve.exception.GlobalExceptionResolver.resolveException(GlobalExceptionResolver.java:20)
系统发生异常
java.lang.ArithmeticException: / by zero
	at com.taotao.retrieve.controller.SearchController.searchItemList(SearchController.java:32)
	at sun.reflect.NativeMethodAccessorImpl.invoke0(Native Method)
	at sun.reflect.NativeMethodAccessorImpl.invoke(NativeMethodAccessorImpl.java:62)
	at sun.reflect.DelegatingMethodAccessorImpl.invoke(DelegatingMethodAccessorImpl.java:43)
	at java.lang.reflect.Method.invoke(Method.java:498)
	at org.springframework.web.method.support.InvocableHandlerMethod.doInvoke(InvocableHandlerMethod.java:222)
	at org.springframework.web.method.support.InvocableHandlerMethod.invokeForRequest(InvocableHandlerMethod.java:137)
	at org.springframework.web.servlet.mvc.method.annotation.ServletInvocableHandlerMethod.invokeAndHandle(ServletInvocableHandlerMethod.java:110)
	at org.springframework.web.servlet.mvc.method.annotation.RequestMappingHandlerAdapter.invokeHandlerMethod(RequestMappingHandlerAdapter.java:814)
	at org.springframework.web.servlet.mvc.method.annotation.RequestMappingHandlerAdapter.handleInternal(RequestMappingHandlerAdapter.java:737)
	at org.springframework.web.servlet.mvc.method.AbstractHandlerMethodAdapter.handle(AbstractHandlerMethodAdapter.java:85)
	at org.springframework.web.servlet.DispatcherServlet.doDispatch(DispatcherServlet.java:959)
	at org.springframework.web.servlet.DispatcherServlet.doService(DispatcherServlet.java:893)
	at org.springframework.web.servlet.FrameworkServlet.processRequest(FrameworkServlet.java:969)
	at org.springframework.web.servlet.FrameworkServlet.doGet(FrameworkServlet.java:860)
	at javax.servlet.http.HttpServlet.service(HttpServlet.java:621)
	at org.springframework.web.servlet.FrameworkServlet.service(FrameworkServlet.java:845)
	at javax.servlet.http.HttpServlet.service(HttpServlet.java:728)
	at org.apache.catalina.core.ApplicationFilterChain.internalDoFilter(ApplicationFilterChain.java:305)
	at org.apache.catalina.core.ApplicationFilterChain.doFilter(ApplicationFilterChain.java:210)
	at org.apache.tomcat.websocket.server.WsFilter.doFilter(WsFilter.java:51)
	at org.apache.catalina.core.ApplicationFilterChain.internalDoFilter(ApplicationFilterChain.java:243)
	at org.apache.catalina.core.ApplicationFilterChain.doFilter(ApplicationFilterChain.java:210)
	at org.springframework.web.filter.CharacterEncodingFilter.doFilterInternal(CharacterEncodingFilter.java:121)
	at org.springframework.web.filter.OncePerRequestFilter.doFilter(OncePerRequestFilter.java:107)
	at org.apache.catalina.core.ApplicationFilterChain.internalDoFilter(ApplicationFilterChain.java:243)
	at org.apache.catalina.core.ApplicationFilterChain.doFilter(ApplicationFilterChain.java:210)
	at org.apache.catalina.core.StandardWrapperValve.invoke(StandardWrapperValve.java:222)
	at org.apache.catalina.core.StandardContextValve.invoke(StandardContextValve.java:123)
	at org.apache.catalina.authenticator.AuthenticatorBase.invoke(AuthenticatorBase.java:502)
	at org.apache.catalina.core.StandardHostValve.invoke(StandardHostValve.java:171)
	at org.apache.catalina.valves.ErrorReportValve.invoke(ErrorReportValve.java:100)
	at org.apache.catalina.valves.AccessLogValve.invoke(AccessLogValve.java:953)
	at org.apache.catalina.core.StandardEngineValve.invoke(StandardEngineValve.java:118)
	at org.apache.catalina.connector.CoyoteAdapter.service(CoyoteAdapter.java:408)
	at org.apache.coyote.http11.AbstractHttp11Processor.process(AbstractHttp11Processor.java:1041)
	at org.apache.coyote.AbstractProtocol$AbstractConnectionHandler.process(AbstractProtocol.java:603)
	at org.apache.tomcat.util.net.JIoEndpoint$SocketProcessor.run(JIoEndpoint.java:310)
	at java.util.concurrent.ThreadPoolExecutor.runWorker(ThreadPoolExecutor.java:1149)
	at java.util.concurrent.ThreadPoolExecutor$Worker.run(ThreadPoolExecutor.java:624)
	at java.lang.Thread.run(Thread.java:748)


[WARN ] 2019-05-14 18:00:47,494 method:org.springframework.web.servlet.DispatcherServlet.noHandlerFound(DispatcherServlet.java:1136)
No mapping found for HTTP request with URI [/www/330/2705.html] in DispatcherServlet with name 'taotao-retrieve-web'


[INFO ] 2019-05-15 21:15:27,026 method:org.springframework.web.context.ContextLoader.initWebApplicationContext(ContextLoader.java:307)
Root WebApplicationContext: initialization started


[INFO ] 2019-05-15 21:15:27,614 method:org.springframework.context.support.AbstractApplicationContext.prepareRefresh(AbstractApplicationContext.java:578)
Refreshing Root WebApplicationContext: startup date [Wed May 15 21:15:27 CST 2019]; root of context hierarchy


[INFO ] 2019-05-15 21:15:27,703 method:org.springframework.beans.factory.xml.XmlBeanDefinitionReader.loadBeanDefinitions(XmlBeanDefinitionReader.java:317)
Loading XML bean definitions from file [F:\code\taotao\taotao-retrieve\taotao-retrieve-web\target\classes\spring\applicationContext-activemq.xml]


[INFO ] 2019-05-15 21:15:27,950 method:org.springframework.beans.factory.xml.XmlBeanDefinitionReader.loadBeanDefinitions(XmlBeanDefinitionReader.java:317)
Loading XML bean definitions from file [F:\code\taotao\taotao-retrieve\taotao-retrieve-web\target\classes\spring\applicationContext-dao.xml]


[INFO ] 2019-05-15 21:15:28,025 method:org.springframework.beans.factory.xml.XmlBeanDefinitionReader.loadBeanDefinitions(XmlBeanDefinitionReader.java:317)
Loading XML bean definitions from file [F:\code\taotao\taotao-retrieve\taotao-retrieve-web\target\classes\spring\applicationContext-service.xml]


[INFO ] 2019-05-15 21:15:28,143 method:org.springframework.beans.factory.xml.XmlBeanDefinitionReader.loadBeanDefinitions(XmlBeanDefinitionReader.java:317)
Loading XML bean definitions from file [F:\code\taotao\taotao-retrieve\taotao-retrieve-web\target\classes\spring\applicationContext-solr.xml]


[INFO ] 2019-05-15 21:15:28,377 method:org.springframework.core.io.support.PropertiesLoaderSupport.loadProperties(PropertiesLoaderSupport.java:172)
Loading properties file from file [F:\code\taotao\taotao-retrieve\taotao-retrieve-web\target\classes\properties\db.properties]


[INFO ] 2019-05-15 21:15:28,391 method:org.springframework.beans.factory.annotation.AutowiredAnnotationBeanPostProcessor.<init>(AutowiredAnnotationBeanPostProcessor.java:153)
JSR-330 'javax.inject.Inject' annotation found and supported for autowiring


[INFO ] 2019-05-15 21:15:31,230 method:org.springframework.web.context.ContextLoader.initWebApplicationContext(ContextLoader.java:347)
Root WebApplicationContext: initialization completed in 4181 ms


[INFO ] 2019-05-15 21:15:31,260 method:org.springframework.web.servlet.FrameworkServlet.initServletBean(FrameworkServlet.java:489)
FrameworkServlet 'taotao-retrieve-web': initialization started


[INFO ] 2019-05-15 21:15:31,263 method:org.springframework.context.support.AbstractApplicationContext.prepareRefresh(AbstractApplicationContext.java:578)
Refreshing WebApplicationContext for namespace 'taotao-retrieve-web-servlet': startup date [Wed May 15 21:15:31 CST 2019]; parent: Root WebApplicationContext


[INFO ] 2019-05-15 21:15:31,264 method:org.springframework.beans.factory.xml.XmlBeanDefinitionReader.loadBeanDefinitions(XmlBeanDefinitionReader.java:317)
Loading XML bean definitions from class path resource [spring/springmvc.xml]


[INFO ] 2019-05-15 21:15:31,402 method:org.springframework.core.io.support.PropertiesLoaderSupport.loadProperties(PropertiesLoaderSupport.java:172)
Loading properties file from class path resource [conf/resources.properties]


[INFO ] 2019-05-15 21:15:31,405 method:org.springframework.beans.factory.annotation.AutowiredAnnotationBeanPostProcessor.<init>(AutowiredAnnotationBeanPostProcessor.java:153)
JSR-330 'javax.inject.Inject' annotation found and supported for autowiring


[INFO ] 2019-05-15 21:15:31,570 method:org.springframework.web.servlet.handler.AbstractHandlerMethodMapping$MappingRegistry.register(AbstractHandlerMethodMapping.java:527)
Mapped "{[/search]}" onto public java.lang.String com.taotao.retrieve.controller.SearchController.searchItemList(java.lang.String,java.lang.Integer,org.springframework.ui.Model) throws java.lang.Exception


[INFO ] 2019-05-15 21:15:31,934 method:org.springframework.web.servlet.mvc.method.annotation.RequestMappingHandlerAdapter.initControllerAdviceCache(RequestMappingHandlerAdapter.java:532)
Looking for @ControllerAdvice: WebApplicationContext for namespace 'taotao-retrieve-web-servlet': startup date [Wed May 15 21:15:31 CST 2019]; parent: Root WebApplicationContext


[INFO ] 2019-05-15 21:15:31,983 method:org.springframework.web.servlet.mvc.method.annotation.RequestMappingHandlerAdapter.initControllerAdviceCache(RequestMappingHandlerAdapter.java:532)
Looking for @ControllerAdvice: WebApplicationContext for namespace 'taotao-retrieve-web-servlet': startup date [Wed May 15 21:15:31 CST 2019]; parent: Root WebApplicationContext


[INFO ] 2019-05-15 21:15:32,079 method:org.springframework.web.servlet.handler.AbstractUrlHandlerMapping.registerHandler(AbstractUrlHandlerMapping.java:341)
Mapped URL path [/css/**] onto handler 'org.springframework.web.servlet.resource.ResourceHttpRequestHandler#0'


[INFO ] 2019-05-15 21:15:32,082 method:org.springframework.web.servlet.handler.AbstractUrlHandlerMapping.registerHandler(AbstractUrlHandlerMapping.java:341)
Mapped URL path [/js/**] onto handler 'org.springframework.web.servlet.resource.ResourceHttpRequestHandler#1'


[INFO ] 2019-05-15 21:15:32,129 method:org.springframework.web.servlet.FrameworkServlet.initServletBean(FrameworkServlet.java:508)
FrameworkServlet 'taotao-retrieve-web': initialization completed in 869 ms


[INFO ] 2019-05-15 22:28:42,574 method:org.springframework.web.context.ContextLoader.initWebApplicationContext(ContextLoader.java:307)
Root WebApplicationContext: initialization started


[INFO ] 2019-05-15 22:28:42,757 method:org.springframework.context.support.AbstractApplicationContext.prepareRefresh(AbstractApplicationContext.java:578)
Refreshing Root WebApplicationContext: startup date [Wed May 15 22:28:42 CST 2019]; root of context hierarchy


[INFO ] 2019-05-15 22:28:42,815 method:org.springframework.beans.factory.xml.XmlBeanDefinitionReader.loadBeanDefinitions(XmlBeanDefinitionReader.java:317)
Loading XML bean definitions from file [F:\code\taotao\taotao-retrieve\taotao-retrieve-web\target\classes\spring\applicationContext-activemq.xml]


[INFO ] 2019-05-15 22:28:42,956 method:org.springframework.beans.factory.xml.XmlBeanDefinitionReader.loadBeanDefinitions(XmlBeanDefinitionReader.java:317)
Loading XML bean definitions from file [F:\code\taotao\taotao-retrieve\taotao-retrieve-web\target\classes\spring\applicationContext-dao.xml]


[INFO ] 2019-05-15 22:28:43,014 method:org.springframework.beans.factory.xml.XmlBeanDefinitionReader.loadBeanDefinitions(XmlBeanDefinitionReader.java:317)
Loading XML bean definitions from file [F:\code\taotao\taotao-retrieve\taotao-retrieve-web\target\classes\spring\applicationContext-service.xml]


[INFO ] 2019-05-15 22:28:43,141 method:org.springframework.beans.factory.xml.XmlBeanDefinitionReader.loadBeanDefinitions(XmlBeanDefinitionReader.java:317)
Loading XML bean definitions from file [F:\code\taotao\taotao-retrieve\taotao-retrieve-web\target\classes\spring\applicationContext-solr.xml]


[INFO ] 2019-05-15 22:28:43,377 method:org.springframework.core.io.support.PropertiesLoaderSupport.loadProperties(PropertiesLoaderSupport.java:172)
Loading properties file from file [F:\code\taotao\taotao-retrieve\taotao-retrieve-web\target\classes\properties\db.properties]


[INFO ] 2019-05-15 22:28:43,387 method:org.springframework.beans.factory.annotation.AutowiredAnnotationBeanPostProcessor.<init>(AutowiredAnnotationBeanPostProcessor.java:153)
JSR-330 'javax.inject.Inject' annotation found and supported for autowiring


[INFO ] 2019-05-15 22:28:46,937 method:org.springframework.web.context.ContextLoader.initWebApplicationContext(ContextLoader.java:347)
Root WebApplicationContext: initialization completed in 4360 ms


[INFO ] 2019-05-15 22:28:47,107 method:org.springframework.web.servlet.FrameworkServlet.initServletBean(FrameworkServlet.java:489)
FrameworkServlet 'taotao-retrieve-web': initialization started


[INFO ] 2019-05-15 22:28:47,111 method:org.springframework.context.support.AbstractApplicationContext.prepareRefresh(AbstractApplicationContext.java:578)
Refreshing WebApplicationContext for namespace 'taotao-retrieve-web-servlet': startup date [Wed May 15 22:28:47 CST 2019]; parent: Root WebApplicationContext


[INFO ] 2019-05-15 22:28:47,113 method:org.springframework.beans.factory.xml.XmlBeanDefinitionReader.loadBeanDefinitions(XmlBeanDefinitionReader.java:317)
Loading XML bean definitions from class path resource [spring/springmvc.xml]


[INFO ] 2019-05-15 22:28:47,478 method:org.springframework.core.io.support.PropertiesLoaderSupport.loadProperties(PropertiesLoaderSupport.java:172)
Loading properties file from class path resource [conf/resources.properties]


[INFO ] 2019-05-15 22:28:47,485 method:org.springframework.beans.factory.annotation.AutowiredAnnotationBeanPostProcessor.<init>(AutowiredAnnotationBeanPostProcessor.java:153)
JSR-330 'javax.inject.Inject' annotation found and supported for autowiring


[INFO ] 2019-05-15 22:28:47,828 method:org.springframework.web.servlet.handler.AbstractHandlerMethodMapping$MappingRegistry.register(AbstractHandlerMethodMapping.java:527)
Mapped "{[/search]}" onto public java.lang.String com.taotao.retrieve.controller.SearchController.searchItemList(java.lang.String,java.lang.Integer,org.springframework.ui.Model) throws java.lang.Exception


[INFO ] 2019-05-15 22:28:48,530 method:org.springframework.web.servlet.mvc.method.annotation.RequestMappingHandlerAdapter.initControllerAdviceCache(RequestMappingHandlerAdapter.java:532)
Looking for @ControllerAdvice: WebApplicationContext for namespace 'taotao-retrieve-web-servlet': startup date [Wed May 15 22:28:47 CST 2019]; parent: Root WebApplicationContext


[INFO ] 2019-05-15 22:28:48,706 method:org.springframework.web.servlet.mvc.method.annotation.RequestMappingHandlerAdapter.initControllerAdviceCache(RequestMappingHandlerAdapter.java:532)
Looking for @ControllerAdvice: WebApplicationContext for namespace 'taotao-retrieve-web-servlet': startup date [Wed May 15 22:28:47 CST 2019]; parent: Root WebApplicationContext


[INFO ] 2019-05-15 22:28:48,927 method:org.springframework.web.servlet.handler.AbstractUrlHandlerMapping.registerHandler(AbstractUrlHandlerMapping.java:341)
Mapped URL path [/css/**] onto handler 'org.springframework.web.servlet.resource.ResourceHttpRequestHandler#0'


[INFO ] 2019-05-15 22:28:48,931 method:org.springframework.web.servlet.handler.AbstractUrlHandlerMapping.registerHandler(AbstractUrlHandlerMapping.java:341)
Mapped URL path [/js/**] onto handler 'org.springframework.web.servlet.resource.ResourceHttpRequestHandler#1'


[INFO ] 2019-05-15 22:28:49,014 method:org.springframework.web.servlet.FrameworkServlet.initServletBean(FrameworkServlet.java:508)
FrameworkServlet 'taotao-retrieve-web': initialization completed in 1907 ms


[INFO ] 2019-05-15 22:29:17,683 method:org.springframework.web.context.ContextLoader.initWebApplicationContext(ContextLoader.java:307)
Root WebApplicationContext: initialization started


[INFO ] 2019-05-15 22:29:18,050 method:org.springframework.context.support.AbstractApplicationContext.prepareRefresh(AbstractApplicationContext.java:578)
Refreshing Root WebApplicationContext: startup date [Wed May 15 22:29:18 CST 2019]; root of context hierarchy


[INFO ] 2019-05-15 22:29:18,134 method:org.springframework.beans.factory.xml.XmlBeanDefinitionReader.loadBeanDefinitions(XmlBeanDefinitionReader.java:317)
Loading XML bean definitions from file [F:\code\taotao\taotao-retrieve\taotao-retrieve-web\target\classes\spring\applicationContext-activemq.xml]


[INFO ] 2019-05-15 22:29:18,340 method:org.springframework.beans.factory.xml.XmlBeanDefinitionReader.loadBeanDefinitions(XmlBeanDefinitionReader.java:317)
Loading XML bean definitions from file [F:\code\taotao\taotao-retrieve\taotao-retrieve-web\target\classes\spring\applicationContext-dao.xml]


[INFO ] 2019-05-15 22:29:18,430 method:org.springframework.beans.factory.xml.XmlBeanDefinitionReader.loadBeanDefinitions(XmlBeanDefinitionReader.java:317)
Loading XML bean definitions from file [F:\code\taotao\taotao-retrieve\taotao-retrieve-web\target\classes\spring\applicationContext-service.xml]


[INFO ] 2019-05-15 22:29:18,780 method:org.springframework.beans.factory.xml.XmlBeanDefinitionReader.loadBeanDefinitions(XmlBeanDefinitionReader.java:317)
Loading XML bean definitions from file [F:\code\taotao\taotao-retrieve\taotao-retrieve-web\target\classes\spring\applicationContext-solr.xml]


[INFO ] 2019-05-15 22:29:19,302 method:org.springframework.core.io.support.PropertiesLoaderSupport.loadProperties(PropertiesLoaderSupport.java:172)
Loading properties file from file [F:\code\taotao\taotao-retrieve\taotao-retrieve-web\target\classes\properties\db.properties]


[INFO ] 2019-05-15 22:29:19,314 method:org.springframework.beans.factory.annotation.AutowiredAnnotationBeanPostProcessor.<init>(AutowiredAnnotationBeanPostProcessor.java:153)
JSR-330 'javax.inject.Inject' annotation found and supported for autowiring


[INFO ] 2019-05-15 22:29:22,253 method:org.springframework.web.context.ContextLoader.initWebApplicationContext(ContextLoader.java:347)
Root WebApplicationContext: initialization completed in 4568 ms


[INFO ] 2019-05-15 22:29:22,379 method:org.springframework.web.servlet.FrameworkServlet.initServletBean(FrameworkServlet.java:489)
FrameworkServlet 'taotao-retrieve-web': initialization started


[INFO ] 2019-05-15 22:29:22,381 method:org.springframework.context.support.AbstractApplicationContext.prepareRefresh(AbstractApplicationContext.java:578)
Refreshing WebApplicationContext for namespace 'taotao-retrieve-web-servlet': startup date [Wed May 15 22:29:22 CST 2019]; parent: Root WebApplicationContext


[INFO ] 2019-05-15 22:29:22,387 method:org.springframework.beans.factory.xml.XmlBeanDefinitionReader.loadBeanDefinitions(XmlBeanDefinitionReader.java:317)
Loading XML bean definitions from class path resource [spring/springmvc.xml]


[INFO ] 2019-05-15 22:29:22,808 method:org.springframework.core.io.support.PropertiesLoaderSupport.loadProperties(PropertiesLoaderSupport.java:172)
Loading properties file from class path resource [conf/resources.properties]


[INFO ] 2019-05-15 22:29:22,820 method:org.springframework.beans.factory.annotation.AutowiredAnnotationBeanPostProcessor.<init>(AutowiredAnnotationBeanPostProcessor.java:153)
JSR-330 'javax.inject.Inject' annotation found and supported for autowiring


[INFO ] 2019-05-15 22:29:23,128 method:org.springframework.web.servlet.handler.AbstractHandlerMethodMapping$MappingRegistry.register(AbstractHandlerMethodMapping.java:527)
Mapped "{[/search]}" onto public java.lang.String com.taotao.retrieve.controller.SearchController.searchItemList(java.lang.String,java.lang.Integer,org.springframework.ui.Model) throws java.lang.Exception


[INFO ] 2019-05-15 22:29:24,010 method:org.springframework.web.servlet.mvc.method.annotation.RequestMappingHandlerAdapter.initControllerAdviceCache(RequestMappingHandlerAdapter.java:532)
Looking for @ControllerAdvice: WebApplicationContext for namespace 'taotao-retrieve-web-servlet': startup date [Wed May 15 22:29:22 CST 2019]; parent: Root WebApplicationContext


[INFO ] 2019-05-15 22:29:24,084 method:org.springframework.web.servlet.mvc.method.annotation.RequestMappingHandlerAdapter.initControllerAdviceCache(RequestMappingHandlerAdapter.java:532)
Looking for @ControllerAdvice: WebApplicationContext for namespace 'taotao-retrieve-web-servlet': startup date [Wed May 15 22:29:22 CST 2019]; parent: Root WebApplicationContext


[INFO ] 2019-05-15 22:29:24,298 method:org.springframework.web.servlet.handler.AbstractUrlHandlerMapping.registerHandler(AbstractUrlHandlerMapping.java:341)
Mapped URL path [/css/**] onto handler 'org.springframework.web.servlet.resource.ResourceHttpRequestHandler#0'


[INFO ] 2019-05-15 22:29:24,326 method:org.springframework.web.servlet.handler.AbstractUrlHandlerMapping.registerHandler(AbstractUrlHandlerMapping.java:341)
Mapped URL path [/js/**] onto handler 'org.springframework.web.servlet.resource.ResourceHttpRequestHandler#1'


[INFO ] 2019-05-15 22:29:24,598 method:org.springframework.web.servlet.FrameworkServlet.initServletBean(FrameworkServlet.java:508)
FrameworkServlet 'taotao-retrieve-web': initialization completed in 2218 ms


[INFO ] 2019-05-16 11:03:14,488 method:org.springframework.web.context.ContextLoader.initWebApplicationContext(ContextLoader.java:307)
Root WebApplicationContext: initialization started


[INFO ] 2019-05-16 11:03:14,594 method:org.springframework.context.support.AbstractApplicationContext.prepareRefresh(AbstractApplicationContext.java:578)
Refreshing Root WebApplicationContext: startup date [Thu May 16 11:03:14 CST 2019]; root of context hierarchy


[INFO ] 2019-05-16 11:03:14,639 method:org.springframework.beans.factory.xml.XmlBeanDefinitionReader.loadBeanDefinitions(XmlBeanDefinitionReader.java:317)
Loading XML bean definitions from file [F:\code\taotao\taotao-retrieve\taotao-retrieve-web\target\classes\spring\applicationContext-activemq.xml]


[INFO ] 2019-05-16 11:03:14,770 method:org.springframework.beans.factory.xml.XmlBeanDefinitionReader.loadBeanDefinitions(XmlBeanDefinitionReader.java:317)
Loading XML bean definitions from file [F:\code\taotao\taotao-retrieve\taotao-retrieve-web\target\classes\spring\applicationContext-dao.xml]


[INFO ] 2019-05-16 11:03:14,958 method:org.springframework.beans.factory.xml.XmlBeanDefinitionReader.loadBeanDefinitions(XmlBeanDefinitionReader.java:317)
Loading XML bean definitions from file [F:\code\taotao\taotao-retrieve\taotao-retrieve-web\target\classes\spring\applicationContext-service.xml]


[INFO ] 2019-05-16 11:03:15,060 method:org.springframework.beans.factory.xml.XmlBeanDefinitionReader.loadBeanDefinitions(XmlBeanDefinitionReader.java:317)
Loading XML bean definitions from file [F:\code\taotao\taotao-retrieve\taotao-retrieve-web\target\classes\spring\applicationContext-solr.xml]


[INFO ] 2019-05-16 11:03:15,250 method:org.springframework.core.io.support.PropertiesLoaderSupport.loadProperties(PropertiesLoaderSupport.java:172)
Loading properties file from file [F:\code\taotao\taotao-retrieve\taotao-retrieve-web\target\classes\properties\db.properties]


[INFO ] 2019-05-16 11:03:15,257 method:org.springframework.beans.factory.annotation.AutowiredAnnotationBeanPostProcessor.<init>(AutowiredAnnotationBeanPostProcessor.java:153)
JSR-330 'javax.inject.Inject' annotation found and supported for autowiring


[INFO ] 2019-05-16 11:03:17,146 method:org.springframework.web.context.ContextLoader.initWebApplicationContext(ContextLoader.java:347)
Root WebApplicationContext: initialization completed in 2632 ms


[INFO ] 2019-05-16 11:03:17,270 method:org.springframework.web.servlet.FrameworkServlet.initServletBean(FrameworkServlet.java:489)
FrameworkServlet 'taotao-retrieve-web': initialization started


[INFO ] 2019-05-16 11:03:17,276 method:org.springframework.context.support.AbstractApplicationContext.prepareRefresh(AbstractApplicationContext.java:578)
Refreshing WebApplicationContext for namespace 'taotao-retrieve-web-servlet': startup date [Thu May 16 11:03:17 CST 2019]; parent: Root WebApplicationContext


[INFO ] 2019-05-16 11:03:17,283 method:org.springframework.beans.factory.xml.XmlBeanDefinitionReader.loadBeanDefinitions(XmlBeanDefinitionReader.java:317)
Loading XML bean definitions from class path resource [spring/springmvc.xml]


[INFO ] 2019-05-16 11:03:17,640 method:org.springframework.core.io.support.PropertiesLoaderSupport.loadProperties(PropertiesLoaderSupport.java:172)
Loading properties file from class path resource [conf/resources.properties]


[INFO ] 2019-05-16 11:03:17,650 method:org.springframework.beans.factory.annotation.AutowiredAnnotationBeanPostProcessor.<init>(AutowiredAnnotationBeanPostProcessor.java:153)
JSR-330 'javax.inject.Inject' annotation found and supported for autowiring


[INFO ] 2019-05-16 11:03:17,812 method:org.springframework.web.servlet.handler.AbstractHandlerMethodMapping$MappingRegistry.register(AbstractHandlerMethodMapping.java:527)
Mapped "{[/search]}" onto public java.lang.String com.taotao.retrieve.controller.SearchController.searchItemList(java.lang.String,java.lang.Integer,org.springframework.ui.Model) throws java.lang.Exception


[INFO ] 2019-05-16 11:03:18,375 method:org.springframework.web.servlet.mvc.method.annotation.RequestMappingHandlerAdapter.initControllerAdviceCache(RequestMappingHandlerAdapter.java:532)
Looking for @ControllerAdvice: WebApplicationContext for namespace 'taotao-retrieve-web-servlet': startup date [Thu May 16 11:03:17 CST 2019]; parent: Root WebApplicationContext


[INFO ] 2019-05-16 11:03:18,540 method:org.springframework.web.servlet.mvc.method.annotation.RequestMappingHandlerAdapter.initControllerAdviceCache(RequestMappingHandlerAdapter.java:532)
Looking for @ControllerAdvice: WebApplicationContext for namespace 'taotao-retrieve-web-servlet': startup date [Thu May 16 11:03:17 CST 2019]; parent: Root WebApplicationContext


[INFO ] 2019-05-16 11:03:18,728 method:org.springframework.web.servlet.handler.AbstractUrlHandlerMapping.registerHandler(AbstractUrlHandlerMapping.java:341)
Mapped URL path [/css/**] onto handler 'org.springframework.web.servlet.resource.ResourceHttpRequestHandler#0'


[INFO ] 2019-05-16 11:03:18,734 method:org.springframework.web.servlet.handler.AbstractUrlHandlerMapping.registerHandler(AbstractUrlHandlerMapping.java:341)
Mapped URL path [/js/**] onto handler 'org.springframework.web.servlet.resource.ResourceHttpRequestHandler#1'


[INFO ] 2019-05-16 11:03:18,934 method:org.springframework.web.servlet.FrameworkServlet.initServletBean(FrameworkServlet.java:508)
FrameworkServlet 'taotao-retrieve-web': initialization completed in 1663 ms


[INFO ] 2019-05-16 12:14:24,075 method:org.springframework.web.context.ContextLoader.initWebApplicationContext(ContextLoader.java:307)
Root WebApplicationContext: initialization started


[INFO ] 2019-05-16 12:14:24,243 method:org.springframework.context.support.AbstractApplicationContext.prepareRefresh(AbstractApplicationContext.java:578)
Refreshing Root WebApplicationContext: startup date [Thu May 16 12:14:24 CST 2019]; root of context hierarchy


[INFO ] 2019-05-16 12:14:24,347 method:org.springframework.beans.factory.xml.XmlBeanDefinitionReader.loadBeanDefinitions(XmlBeanDefinitionReader.java:317)
Loading XML bean definitions from file [F:\code\taotao\taotao-retrieve\taotao-retrieve-web\target\classes\spring\applicationContext-activemq.xml]


[INFO ] 2019-05-16 12:14:24,865 method:org.springframework.beans.factory.xml.XmlBeanDefinitionReader.loadBeanDefinitions(XmlBeanDefinitionReader.java:317)
Loading XML bean definitions from file [F:\code\taotao\taotao-retrieve\taotao-retrieve-web\target\classes\spring\applicationContext-dao.xml]


[INFO ] 2019-05-16 12:14:24,931 method:org.springframework.beans.factory.xml.XmlBeanDefinitionReader.loadBeanDefinitions(XmlBeanDefinitionReader.java:317)
Loading XML bean definitions from file [F:\code\taotao\taotao-retrieve\taotao-retrieve-web\target\classes\spring\applicationContext-service.xml]


[INFO ] 2019-05-16 12:14:25,096 method:org.springframework.beans.factory.xml.XmlBeanDefinitionReader.loadBeanDefinitions(XmlBeanDefinitionReader.java:317)
Loading XML bean definitions from file [F:\code\taotao\taotao-retrieve\taotao-retrieve-web\target\classes\spring\applicationContext-solr.xml]


[INFO ] 2019-05-16 12:14:25,561 method:org.springframework.core.io.support.PropertiesLoaderSupport.loadProperties(PropertiesLoaderSupport.java:172)
Loading properties file from file [F:\code\taotao\taotao-retrieve\taotao-retrieve-web\target\classes\properties\db.properties]


[INFO ] 2019-05-16 12:14:25,608 method:org.springframework.beans.factory.annotation.AutowiredAnnotationBeanPostProcessor.<init>(AutowiredAnnotationBeanPostProcessor.java:153)
JSR-330 'javax.inject.Inject' annotation found and supported for autowiring


[INFO ] 2019-05-16 12:14:28,554 method:org.springframework.web.context.ContextLoader.initWebApplicationContext(ContextLoader.java:347)
Root WebApplicationContext: initialization completed in 4434 ms


[INFO ] 2019-05-16 12:14:28,645 method:org.springframework.web.servlet.FrameworkServlet.initServletBean(FrameworkServlet.java:489)
FrameworkServlet 'taotao-retrieve-web': initialization started


[INFO ] 2019-05-16 12:14:28,653 method:org.springframework.context.support.AbstractApplicationContext.prepareRefresh(AbstractApplicationContext.java:578)
Refreshing WebApplicationContext for namespace 'taotao-retrieve-web-servlet': startup date [Thu May 16 12:14:28 CST 2019]; parent: Root WebApplicationContext


[INFO ] 2019-05-16 12:14:28,660 method:org.springframework.beans.factory.xml.XmlBeanDefinitionReader.loadBeanDefinitions(XmlBeanDefinitionReader.java:317)
Loading XML bean definitions from class path resource [spring/springmvc.xml]


[INFO ] 2019-05-16 12:14:28,814 method:org.springframework.core.io.support.PropertiesLoaderSupport.loadProperties(PropertiesLoaderSupport.java:172)
Loading properties file from class path resource [conf/resources.properties]


[INFO ] 2019-05-16 12:14:28,818 method:org.springframework.beans.factory.annotation.AutowiredAnnotationBeanPostProcessor.<init>(AutowiredAnnotationBeanPostProcessor.java:153)
JSR-330 'javax.inject.Inject' annotation found and supported for autowiring


[INFO ] 2019-05-16 12:14:29,123 method:org.springframework.web.servlet.handler.AbstractHandlerMethodMapping$MappingRegistry.register(AbstractHandlerMethodMapping.java:527)
Mapped "{[/search]}" onto public java.lang.String com.taotao.retrieve.controller.SearchController.searchItemList(java.lang.String,java.lang.Integer,org.springframework.ui.Model) throws java.lang.Exception


[INFO ] 2019-05-16 12:14:29,924 method:org.springframework.web.servlet.mvc.method.annotation.RequestMappingHandlerAdapter.initControllerAdviceCache(RequestMappingHandlerAdapter.java:532)
Looking for @ControllerAdvice: WebApplicationContext for namespace 'taotao-retrieve-web-servlet': startup date [Thu May 16 12:14:28 CST 2019]; parent: Root WebApplicationContext


[INFO ] 2019-05-16 12:14:30,100 method:org.springframework.web.servlet.mvc.method.annotation.RequestMappingHandlerAdapter.initControllerAdviceCache(RequestMappingHandlerAdapter.java:532)
Looking for @ControllerAdvice: WebApplicationContext for namespace 'taotao-retrieve-web-servlet': startup date [Thu May 16 12:14:28 CST 2019]; parent: Root WebApplicationContext


[INFO ] 2019-05-16 12:14:30,424 method:org.springframework.web.servlet.handler.AbstractUrlHandlerMapping.registerHandler(AbstractUrlHandlerMapping.java:341)
Mapped URL path [/css/**] onto handler 'org.springframework.web.servlet.resource.ResourceHttpRequestHandler#0'


[INFO ] 2019-05-16 12:14:30,436 method:org.springframework.web.servlet.handler.AbstractUrlHandlerMapping.registerHandler(AbstractUrlHandlerMapping.java:341)
Mapped URL path [/js/**] onto handler 'org.springframework.web.servlet.resource.ResourceHttpRequestHandler#1'


[INFO ] 2019-05-16 12:14:30,815 method:org.springframework.web.servlet.FrameworkServlet.initServletBean(FrameworkServlet.java:508)
FrameworkServlet 'taotao-retrieve-web': initialization completed in 2170 ms


[WARN ] 2019-05-16 12:16:04,565 method:org.springframework.web.servlet.DispatcherServlet.noHandlerFound(DispatcherServlet.java:1136)
No mapping found for HTTP request with URI [/] in DispatcherServlet with name 'taotao-retrieve-web'


[WARN ] 2019-05-16 12:16:06,737 method:org.springframework.web.servlet.DispatcherServlet.noHandlerFound(DispatcherServlet.java:1136)
No mapping found for HTTP request with URI [/] in DispatcherServlet with name 'taotao-retrieve-web'


[WARN ] 2019-05-16 12:16:23,697 method:org.springframework.web.servlet.DispatcherServlet.noHandlerFound(DispatcherServlet.java:1136)
No mapping found for HTTP request with URI [/] in DispatcherServlet with name 'taotao-retrieve-web'
